app/build/outputs/logs/manifest-merger-debug-report.txt
-- Merging decision tree log ---
manifest
ADDED from src/main/AndroidManifest.xml:2:1-219:12
INJECTED from src/main/AndroidManifest.xml:2:1-219:12
INJECTED from src/main/AndroidManifest.xml:2:1-219:12
INJECTED from src/main/AndroidManifest.xml:2:1-219:12
MERGED from [com.android.support:design:26.0.0-alpha1] AndroidManifest.xml:17:1-31:12
MERGED from [com.android.support:appcompat-v7:26.0.0-alpha1] AndroidManifest.xml:17:1-31:12
MERGED from [com.android.support:transition:26.0.0-alpha1] AndroidManifest.xml:17:1-28:12
MERGED from [com.google.android.gms:play-services-maps:10.2.1] AndroidManifest.xml:16:1-25:12
MERGED from [com.google.android.gms:play-services-location:10.2.1] AndroidManifest.xml:2:1-5:12
MERGED from [com.google.android.gms:play-services-base:10.2.1] AndroidManifest.xml:16:1-21:12
MERGED from [com.google.android.gms:play-services-tasks:10.2.1] AndroidManifest.xml:2:1-5:12
MERGED from [com.google.android.gms:play-services-basement:10.2.1] AndroidManifest.xml:16:1-23:12
MERGED from [com.android.support:support-v4:26.0.0-alpha1] AndroidManifest.xml:17:1-31:12
MERGED from [com.android.support.constraint:constraint-layout:1.0.2] AndroidManifest.xml:2:1-11:12
MERGED from [com.android.support:animated-vector-drawable:26.0.0-alpha1] AndroidManifest.xml:17:1-28:12
MERGED from [com.android.support:support-vector-drawable:26.0.0-alpha1] AndroidManifest.xml:17:1-28:12
MERGED from [com.android.support:recyclerview-v7:26.0.0-alpha1] AndroidManifest.xml:17:1-26:12
MERGED from [com.android.support:support-fragment:26.0.0-alpha1] AndroidManifest.xml:17:1-31:12
MERGED from [com.android.support:support-core-ui:26.0.0-alpha1] AndroidManifest.xml:17:1-31:12
MERGED from [com.android.support:support-media-compat:26.0.0-alpha1] AndroidManifest.xml:17:1-31:12
MERGED from [com.android.support:support-core-utils:26.0.0-alpha1] AndroidManifest.xml:17:1-31:12
MERGED from [com.android.support:support-compat:26.0.0-alpha1] AndroidManifest.xml:17:1-31:12
INJECTED from src/main/AndroidManifest.xml:2:1-219:12
INJECTED from src/main/AndroidManifest.xml:2:1-219:12
INJECTED from src/main/AndroidManifest.xml:2:1-219:12
	package
		ADDED from src/main/AndroidManifest.xml:3:5-44
		INJECTED from src/main/AndroidManifest.xml
		INJECTED from src/main/AndroidManifest.xml
	android:versionName
		ADDED from src/main/AndroidManifest.xml:5:5-30
		INJECTED from src/main/AndroidManifest.xml
		INJECTED from src/main/AndroidManifest.xml
	xmlns:android
		ADDED from src/main/AndroidManifest.xml:2:11-69
	android:versionCode
		ADDED from src/main/AndroidManifest.xml:4:5-28
		INJECTED from src/main/AndroidManifest.xml
		INJECTED from src/main/AndroidManifest.xml
uses-sdk
ADDED from src/main/AndroidManifest.xml:7:5-9:41
INJECTED from src/main/AndroidManifest.xml:7:5-9:41
INJECTED from src/main/AndroidManifest.xml:7:5-9:41
MERGED from [com.android.support:design:26.0.0-alpha1] AndroidManifest.xml:21:5-23:62
MERGED from [com.android.support:design:26.0.0-alpha1] AndroidManifest.xml:21:5-23:62
MERGED from [com.android.support:appcompat-v7:26.0.0-alpha1] AndroidManifest.xml:21:5-23:78
MERGED from [com.android.support:appcompat-v7:26.0.0-alpha1] AndroidManifest.xml:21:5-23:78
MERGED from [com.android.support:transition:26.0.0-alpha1] AndroidManifest.xml:20:5-44
MERGED from [com.android.support:transition:26.0.0-alpha1] AndroidManifest.xml:20:5-44
MERGED from [com.google.android.gms:play-services-maps:10.2.1] AndroidManifest.xml:23:5-43
MERGED from [com.google.android.gms:play-services-maps:10.2.1] AndroidManifest.xml:23:5-43
MERGED from [com.google.android.gms:play-services-location:10.2.1] AndroidManifest.xml:3:5-43
MERGED from [com.google.android.gms:play-services-location:10.2.1] AndroidManifest.xml:3:5-43
MERGED from [com.google.android.gms:play-services-base:10.2.1] AndroidManifest.xml:17:5-43
MERGED from [com.google.android.gms:play-services-base:10.2.1] AndroidManifest.xml:17:5-43
MERGED from [com.google.android.gms:play-services-tasks:10.2.1] AndroidManifest.xml:3:5-43
MERGED from [com.google.android.gms:play-services-tasks:10.2.1] AndroidManifest.xml:3:5-43
MERGED from [com.google.android.gms:play-services-basement:10.2.1] AndroidManifest.xml:17:5-43
MERGED from [com.google.android.gms:play-services-basement:10.2.1] AndroidManifest.xml:17:5-43
MERGED from [com.android.support:support-v4:26.0.0-alpha1] AndroidManifest.xml:21:5-23:54
MERGED from [com.android.support:support-v4:26.0.0-alpha1] AndroidManifest.xml:21:5-23:54
MERGED from [com.android.support.constraint:constraint-layout:1.0.2] AndroidManifest.xml:5:5-7:41
MERGED from [com.android.support.constraint:constraint-layout:1.0.2] AndroidManifest.xml:5:5-7:41
MERGED from [com.android.support:animated-vector-drawable:26.0.0-alpha1] AndroidManifest.xml:20:5-44
MERGED from [com.android.support:animated-vector-drawable:26.0.0-alpha1] AndroidManifest.xml:20:5-44
MERGED from [com.android.support:support-vector-drawable:26.0.0-alpha1] AndroidManifest.xml:20:5-44
MERGED from [com.android.support:support-vector-drawable:26.0.0-alpha1] AndroidManifest.xml:20:5-44
MERGED from [com.android.support:recyclerview-v7:26.0.0-alpha1] AndroidManifest.xml:20:5-44
MERGED from [com.android.support:recyclerview-v7:26.0.0-alpha1] AndroidManifest.xml:20:5-44
MERGED from [com.android.support:support-fragment:26.0.0-alpha1] AndroidManifest.xml:21:5-23:60
MERGED from [com.android.support:support-fragment:26.0.0-alpha1] AndroidManifest.xml:21:5-23:60
MERGED from [com.android.support:support-core-ui:26.0.0-alpha1] AndroidManifest.xml:21:5-23:58
MERGED from [com.android.support:support-core-ui:26.0.0-alpha1] AndroidManifest.xml:21:5-23:58
MERGED from [com.android.support:support-media-compat:26.0.0-alpha1] AndroidManifest.xml:21:5-23:63
MERGED from [com.android.support:support-media-compat:26.0.0-alpha1] AndroidManifest.xml:21:5-23:63
MERGED from [com.android.support:support-core-utils:26.0.0-alpha1] AndroidManifest.xml:21:5-23:61
MERGED from [com.android.support:support-core-utils:26.0.0-alpha1] AndroidManifest.xml:21:5-23:61
MERGED from [com.android.support:support-compat:26.0.0-alpha1] AndroidManifest.xml:21:5-23:58
MERGED from [com.android.support:support-compat:26.0.0-alpha1] AndroidManifest.xml:21:5-23:58
INJECTED from src/main/AndroidManifest.xml:7:5-9:41
INJECTED from src/main/AndroidManifest.xml:7:5-9:41
	tools:overrideLibrary
		ADDED from [com.android.support:design:26.0.0-alpha1] AndroidManifest.xml:23:9-59
	android:targetSdkVersion
		ADDED from src/main/AndroidManifest.xml:9:9-38
		INJECTED from src/main/AndroidManifest.xml
		INJECTED from src/main/AndroidManifest.xml
	android:minSdkVersion
		ADDED from src/main/AndroidManifest.xml:8:9-35
		INJECTED from src/main/AndroidManifest.xml
		INJECTED from src/main/AndroidManifest.xml
uses-permission#android.permission.BLUETOOTH_ADMIN
ADDED from src/main/AndroidManifest.xml:11:5-74
	android:name
		ADDED from src/main/AndroidManifest.xml:11:22-71
uses-permission#android.permission.BLUETOOTH
ADDED from src/main/AndroidManifest.xml:12:5-68
	android:name
		ADDED from src/main/AndroidManifest.xml:12:22-65
uses-permission#android.permission.ACCESS_NETWORK_STATE
ADDED from src/main/AndroidManifest.xml:13:5-79
MERGED from [com.google.android.gms:play-services-maps:10.2.1] AndroidManifest.xml:19:5-78
MERGED from [com.google.android.gms:play-services-maps:10.2.1] AndroidManifest.xml:19:5-78
	android:name
		ADDED from src/main/AndroidManifest.xml:13:22-76
uses-permission#android.permission.WRITE_EXTERNAL_STORAGE
ADDED from src/main/AndroidManifest.xml:14:5-81
	android:name
		ADDED from src/main/AndroidManifest.xml:14:22-78
uses-permission#android.permission.READ_LOGS
ADDED from src/main/AndroidManifest.xml:15:5-68
	android:name
		ADDED from src/main/AndroidManifest.xml:15:22-65
uses-permission#android.permission.INTERNET
ADDED from src/main/AndroidManifest.xml:16:5-67
MERGED from [com.google.android.gms:play-services-maps:10.2.1] AndroidManifest.xml:20:5-66
MERGED from [com.google.android.gms:play-services-maps:10.2.1] AndroidManifest.xml:20:5-66
	android:name
		ADDED from src/main/AndroidManifest.xml:16:22-64
uses-permission#android.permission.ACCESS_WIFI_STATE
ADDED from src/main/AndroidManifest.xml:17:5-76
	android:name
		ADDED from src/main/AndroidManifest.xml:17:22-73
uses-permission#android.permission.ACCESS_FINE_LOCATION
ADDED from src/main/AndroidManifest.xml:24:5-79
	android:name
		ADDED from src/main/AndroidManifest.xml:24:22-76
uses-permission#android.permission.READ_PHONE_STATE
ADDED from src/main/AndroidManifest.xml:25:5-75
	android:name
		ADDED from src/main/AndroidManifest.xml:25:22-72
uses-permission#android.permission.READ_EXTERNAL_STORAGE
ADDED from src/main/AndroidManifest.xml:26:5-80
	android:name
		ADDED from src/main/AndroidManifest.xml:26:22-77
application
ADDED from src/main/AndroidManifest.xml:28:5-217:19
MERGED from [com.android.support:design:26.0.0-alpha1] AndroidManifest.xml:29:5-20
MERGED from [com.android.support:design:26.0.0-alpha1] AndroidManifest.xml:29:5-20
MERGED from [com.android.support:appcompat-v7:26.0.0-alpha1] AndroidManifest.xml:29:5-20
MERGED from [com.android.support:appcompat-v7:26.0.0-alpha1] AndroidManifest.xml:29:5-20
MERGED from [com.android.support:transition:26.0.0-alpha1] AndroidManifest.xml:26:5-20
MERGED from [com.android.support:transition:26.0.0-alpha1] AndroidManifest.xml:26:5-20
MERGED from [com.google.android.gms:play-services-maps:10.2.1] AndroidManifest.xml:24:5-19
MERGED from [com.google.android.gms:play-services-maps:10.2.1] AndroidManifest.xml:24:5-19
MERGED from [com.google.android.gms:play-services-location:10.2.1] AndroidManifest.xml:4:5-19
MERGED from [com.google.android.gms:play-services-location:10.2.1] AndroidManifest.xml:4:5-19
MERGED from [com.google.android.gms:play-services-base:10.2.1] AndroidManifest.xml:18:5-20:19
MERGED from [com.google.android.gms:play-services-base:10.2.1] AndroidManifest.xml:18:5-20:19
MERGED from [com.google.android.gms:play-services-tasks:10.2.1] AndroidManifest.xml:4:5-19
MERGED from [com.google.android.gms:play-services-tasks:10.2.1] AndroidManifest.xml:4:5-19
MERGED from [com.google.android.gms:play-services-basement:10.2.1] AndroidManifest.xml:19:5-21:19
MERGED from [com.google.android.gms:play-services-basement:10.2.1] AndroidManifest.xml:19:5-21:19
MERGED from [com.android.support:support-v4:26.0.0-alpha1] AndroidManifest.xml:29:5-20
MERGED from [com.android.support:support-v4:26.0.0-alpha1] AndroidManifest.xml:29:5-20
MERGED from [com.android.support.constraint:constraint-layout:1.0.2] AndroidManifest.xml:9:5-20
MERGED from [com.android.support.constraint:constraint-layout:1.0.2] AndroidManifest.xml:9:5-20
MERGED from [com.android.support:animated-vector-drawable:26.0.0-alpha1] AndroidManifest.xml:26:5-20
MERGED from [com.android.support:animated-vector-drawable:26.0.0-alpha1] AndroidManifest.xml:26:5-20
MERGED from [com.android.support:support-vector-drawable:26.0.0-alpha1] AndroidManifest.xml:26:5-20
MERGED from [com.android.support:support-vector-drawable:26.0.0-alpha1] AndroidManifest.xml:26:5-20
MERGED from [com.android.support:support-fragment:26.0.0-alpha1] AndroidManifest.xml:29:5-20
MERGED from [com.android.support:support-fragment:26.0.0-alpha1] AndroidManifest.xml:29:5-20
MERGED from [com.android.support:support-core-ui:26.0.0-alpha1] AndroidManifest.xml:29:5-20
MERGED from [com.android.support:support-core-ui:26.0.0-alpha1] AndroidManifest.xml:29:5-20
MERGED from [com.android.support:support-media-compat:26.0.0-alpha1] AndroidManifest.xml:29:5-20
MERGED from [com.android.support:support-media-compat:26.0.0-alpha1] AndroidManifest.xml:29:5-20
MERGED from [com.android.support:support-core-utils:26.0.0-alpha1] AndroidManifest.xml:29:5-20
MERGED from [com.android.support:support-core-utils:26.0.0-alpha1] AndroidManifest.xml:29:5-20
MERGED from [com.android.support:support-compat:26.0.0-alpha1] AndroidManifest.xml:29:5-20
MERGED from [com.android.support:support-compat:26.0.0-alpha1] AndroidManifest.xml:29:5-20
	android:supportsRtl
		ADDED from src/main/AndroidManifest.xml:34:9-35
	android:label
		ADDED from src/main/AndroidManifest.xml:31:9-41
	android:roundIcon
		ADDED from src/main/AndroidManifest.xml:33:9-54
	android:icon
		ADDED from src/main/AndroidManifest.xml:30:9-45
	android:allowBackup
		ADDED from src/main/AndroidManifest.xml:29:9-35
	android:theme
		ADDED from src/main/AndroidManifest.xml:32:9-40
activity#com.semantic.ecare_android_v2.ui.MainActivity2
ADDED from src/main/AndroidManifest.xml:44:9-50:20
	android:label
		ADDED from src/main/AndroidManifest.xml:46:13-45
	android:name
		ADDED from src/main/AndroidManifest.xml:45:13-74
intent-filter#android.intent.action.MAIN
ADDED from src/main/AndroidManifest.xml:47:13-49:29
action#android.intent.action.MAIN
ADDED from src/main/AndroidManifest.xml:48:17-69
	android:name
		ADDED from src/main/AndroidManifest.xml:48:25-66
activity#com.semantic.ecare_android_v2.ui.Splash
ADDED from src/main/AndroidManifest.xml:52:9-60:20
	android:theme
		ADDED from src/main/AndroidManifest.xml:54:13-42
	android:name
		ADDED from src/main/AndroidManifest.xml:53:13-67
intent-filter#android.intent.action.MAIN+android.intent.category.LAUNCHER
ADDED from src/main/AndroidManifest.xml:55:13-59:29
category#android.intent.category.LAUNCHER
ADDED from src/main/AndroidManifest.xml:58:17-77
	android:name
		ADDED from src/main/AndroidManifest.xml:58:27-74
activity#com.semantic.ecare_android_v2.ui.LoginActivity
ADDED from src/main/AndroidManifest.xml:62:9-63:57
	android:theme
		ADDED from src/main/AndroidManifest.xml:63:16-45
	android:name
		ADDED from src/main/AndroidManifest.xml:62:19-80
activity#com.semantic.ecare_android_v2.ui.SplashScreen
ADDED from src/main/AndroidManifest.xml:94:7-105:18
	android:screenOrientation
		ADDED from src/main/AndroidManifest.xml:98:13-49
	android:label
		ADDED from src/main/AndroidManifest.xml:96:13-65
	android:launchMode
		ADDED from src/main/AndroidManifest.xml:97:13-44
	android:name
		ADDED from src/main/AndroidManifest.xml:95:13-44
activity#com.semantic.ecare_android_v2.ui.MainActivity
ADDED from src/main/AndroidManifest.xml:107:7-111:50
	android:screenOrientation
		ADDED from src/main/AndroidManifest.xml:111:11-47
	android:label
		ADDED from src/main/AndroidManifest.xml:109:11-54
	android:launchMode
		ADDED from src/main/AndroidManifest.xml:110:11-42
	android:name
		ADDED from src/main/AndroidManifest.xml:108:11-42
activity#com.semantic.ecare_android_v2.ui.WaitActivity
ADDED from src/main/AndroidManifest.xml:112:7-115:50
	android:screenOrientation
		ADDED from src/main/AndroidManifest.xml:115:11-47
	android:launchMode
		ADDED from src/main/AndroidManifest.xml:114:11-42
	android:name
		ADDED from src/main/AndroidManifest.xml:113:11-42
activity#com.semantic.ecare_android_v2.ui.WaitActivityPatient
ADDED from src/main/AndroidManifest.xml:116:7-119:50
	android:screenOrientation
		ADDED from src/main/AndroidManifest.xml:119:11-47
	android:launchMode
		ADDED from src/main/AndroidManifest.xml:118:11-42
	android:name
		ADDED from src/main/AndroidManifest.xml:117:11-49
activity#com.semantic.ecare_android_v2.ui.ErrorActivity
ADDED from src/main/AndroidManifest.xml:120:7-123:50
	android:screenOrientation
		ADDED from src/main/AndroidManifest.xml:123:11-47
	android:launchMode
		ADDED from src/main/AndroidManifest.xml:122:11-42
	android:name
		ADDED from src/main/AndroidManifest.xml:121:11-43
activity#com.semantic.ecare_android_v2.ui.AlertActivity
ADDED from src/main/AndroidManifest.xml:124:7-127:50
	android:screenOrientation
		ADDED from src/main/AndroidManifest.xml:127:11-47
	android:launchMode
		ADDED from src/main/AndroidManifest.xml:126:11-42
	android:name
		ADDED from src/main/AndroidManifest.xml:125:11-43
activity#com.semantic.ecare_android_v2.ui.MeasureActivity
ADDED from src/main/AndroidManifest.xml:128:7-131:50
	android:screenOrientation
		ADDED from src/main/AndroidManifest.xml:131:11-47
	android:launchMode
		ADDED from src/main/AndroidManifest.xml:130:11-42
	android:name
		ADDED from src/main/AndroidManifest.xml:129:11-45
activity#com.semantic.ecare_android_v2.ui.ChartActivity
ADDED from src/main/AndroidManifest.xml:132:7-135:50
	android:screenOrientation
		ADDED from src/main/AndroidManifest.xml:135:11-47
	android:launchMode
		ADDED from src/main/AndroidManifest.xml:134:11-42
	android:name
		ADDED from src/main/AndroidManifest.xml:133:11-43
activity#com.semantic.ecare_android_v2.ui.MeasureSetPatientActivity
ADDED from src/main/AndroidManifest.xml:136:7-139:50
	android:screenOrientation
		ADDED from src/main/AndroidManifest.xml:139:11-47
	android:launchMode
		ADDED from src/main/AndroidManifest.xml:138:11-42
	android:name
		ADDED from src/main/AndroidManifest.xml:137:11-55
activity#com.semantic.ecare_android_v2.ui.AboutActivity
ADDED from src/main/AndroidManifest.xml:140:7-143:50
	android:screenOrientation
		ADDED from src/main/AndroidManifest.xml:143:11-47
	android:launchMode
		ADDED from src/main/AndroidManifest.xml:142:11-42
	android:name
		ADDED from src/main/AndroidManifest.xml:141:11-43
activity#com.semantic.ecare_android_v2.ui.DebugActivity
ADDED from src/main/AndroidManifest.xml:144:7-147:50
	android:screenOrientation
		ADDED from src/main/AndroidManifest.xml:147:11-47
	android:launchMode
		ADDED from src/main/AndroidManifest.xml:146:11-42
	android:name
		ADDED from src/main/AndroidManifest.xml:145:11-43
activity#com.semantic.ecare_android_v2.ui.ExceptActivity
ADDED from src/main/AndroidManifest.xml:148:7-151:50
	android:screenOrientation
		ADDED from src/main/AndroidManifest.xml:151:11-47
	android:launchMode
		ADDED from src/main/AndroidManifest.xml:150:11-42
	android:name
		ADDED from src/main/AndroidManifest.xml:149:11-44
activity#com.semantic.ecare_android_v2.ui.DeviceUnactivedActivity
ADDED from src/main/AndroidManifest.xml:152:7-155:50
	android:screenOrientation
		ADDED from src/main/AndroidManifest.xml:155:11-47
	android:launchMode
		ADDED from src/main/AndroidManifest.xml:154:11-42
	android:name
		ADDED from src/main/AndroidManifest.xml:153:11-53
activity#com.semantic.ecare_android_v2.ui.DeviceUnaffectedActivity
ADDED from src/main/AndroidManifest.xml:156:7-159:50
	android:screenOrientation
		ADDED from src/main/AndroidManifest.xml:159:11-47
	android:launchMode
		ADDED from src/main/AndroidManifest.xml:158:11-42
	android:name
		ADDED from src/main/AndroidManifest.xml:157:11-54
activity#com.semantic.ecare_android_v2.ui.DeviceUnsupportedActivity
ADDED from src/main/AndroidManifest.xml:160:7-163:50
	android:screenOrientation
		ADDED from src/main/AndroidManifest.xml:163:11-47
	android:launchMode
		ADDED from src/main/AndroidManifest.xml:162:11-42
	android:name
		ADDED from src/main/AndroidManifest.xml:161:11-55
activity#com.semantic.ecare_android_v2.ui.ServerExceptActivity
ADDED from src/main/AndroidManifest.xml:164:7-167:50
	android:screenOrientation
		ADDED from src/main/AndroidManifest.xml:167:11-47
	android:launchMode
		ADDED from src/main/AndroidManifest.xml:166:11-42
	android:name
		ADDED from src/main/AndroidManifest.xml:165:11-50
activity#com.semantic.ecare_android_v2.ui.NoteDialogActivity
ADDED from src/main/AndroidManifest.xml:168:7-172:57
	android:screenOrientation
		ADDED from src/main/AndroidManifest.xml:171:11-48
	android:launchMode
		ADDED from src/main/AndroidManifest.xml:170:11-41
	android:theme
		ADDED from src/main/AndroidManifest.xml:172:11-54
	android:name
		ADDED from src/main/AndroidManifest.xml:169:11-48
activity#com.semantic.ecare_android_v2.ui.DeviceDataActivity
ADDED from src/main/AndroidManifest.xml:173:7-177:57
	android:screenOrientation
		ADDED from src/main/AndroidManifest.xml:176:11-47
	android:launchMode
		ADDED from src/main/AndroidManifest.xml:175:11-41
	android:theme
		ADDED from src/main/AndroidManifest.xml:177:11-54
	android:name
		ADDED from src/main/AndroidManifest.xml:174:11-48
activity#com.semantic.ecare_android_v2.ui.AllNotesActivity
ADDED from src/main/AndroidManifest.xml:178:7-181:51
	android:screenOrientation
		ADDED from src/main/AndroidManifest.xml:181:11-48
	android:launchMode
		ADDED from src/main/AndroidManifest.xml:180:11-42
	android:name
		ADDED from src/main/AndroidManifest.xml:179:11-46
service#com.signove.health.service.HealthService
ADDED from src/main/AndroidManifest.xml:183:7-192:17
	android:enabled
		ADDED from src/main/AndroidManifest.xml:185:11-33
	android:exported
		ADDED from src/main/AndroidManifest.xml:186:11-34
	android:permission
		ADDED from src/main/AndroidManifest.xml:187:11-60
	android:stopWithTask
		ADDED from src/main/AndroidManifest.xml:188:11-39
	android:name
		ADDED from src/main/AndroidManifest.xml:184:11-66
intent-filter#com.signove.health.service.HealthService
ADDED from src/main/AndroidManifest.xml:189:11-191:27
action#com.signove.health.service.HealthService
ADDED from src/main/AndroidManifest.xml:190:15-81
	android:name
		ADDED from src/main/AndroidManifest.xml:190:23-78
service#com.signove.health.service.BluetoothHDPService
ADDED from src/main/AndroidManifest.xml:193:7-80
	android:name
		ADDED from src/main/AndroidManifest.xml:193:16-77
service#com.semantic.ecare_android_v2.core.ServiceEcare
ADDED from src/main/AndroidManifest.xml:194:7-52
	android:name
		ADDED from src/main/AndroidManifest.xml:194:16-49
service#com.semantic.ecare_android_v2.core.ServiceAntidoteClient
ADDED from src/main/AndroidManifest.xml:195:7-61
	android:name
		ADDED from src/main/AndroidManifest.xml:195:16-58
service#com.semantic.ecare_android_v2.object.UartServiceJumper
ADDED from src/main/AndroidManifest.xml:196:7-199:63
	android:enabled
		ADDED from src/main/AndroidManifest.xml:198:11-33
	android:permission
		ADDED from src/main/AndroidManifest.xml:199:11-60
	android:name
		ADDED from src/main/AndroidManifest.xml:197:11-51
meta-data#com.google.android.geo.API_KEY
ADDED from src/main/AndroidManifest.xml:209:9-211:55
	android:value
		ADDED from src/main/AndroidManifest.xml:211:13-52
	android:name
		ADDED from src/main/AndroidManifest.xml:210:13-58
activity#com.semantic.ecare_android_v2.ui.MapsActivity
ADDED from src/main/AndroidManifest.xml:214:9-216:68
	android:label
		ADDED from src/main/AndroidManifest.xml:216:13-56
	android:name
		ADDED from src/main/AndroidManifest.xml:215:13-44
meta-data#android.support.VERSION
ADDED from [com.android.support:design:26.0.0-alpha1] AndroidManifest.xml:25:5-27:41
MERGED from [com.android.support:appcompat-v7:26.0.0-alpha1] AndroidManifest.xml:25:5-27:41
MERGED from [com.android.support:appcompat-v7:26.0.0-alpha1] AndroidManifest.xml:25:5-27:41
MERGED from [com.android.support:transition:26.0.0-alpha1] AndroidManifest.xml:22:5-24:41
MERGED from [com.android.support:transition:26.0.0-alpha1] AndroidManifest.xml:22:5-24:41
MERGED from [com.android.support:support-v4:26.0.0-alpha1] AndroidManifest.xml:25:5-27:41
MERGED from [com.android.support:support-v4:26.0.0-alpha1] AndroidManifest.xml:25:5-27:41
MERGED from [com.android.support:animated-vector-drawable:26.0.0-alpha1] AndroidManifest.xml:22:5-24:41
MERGED from [com.android.support:animated-vector-drawable:26.0.0-alpha1] AndroidManifest.xml:22:5-24:41
MERGED from [com.android.support:support-vector-drawable:26.0.0-alpha1] AndroidManifest.xml:22:5-24:41
MERGED from [com.android.support:support-vector-drawable:26.0.0-alpha1] AndroidManifest.xml:22:5-24:41
MERGED from [com.android.support:recyclerview-v7:26.0.0-alpha1] AndroidManifest.xml:22:5-24:41
MERGED from [com.android.support:recyclerview-v7:26.0.0-alpha1] AndroidManifest.xml:22:5-24:41
MERGED from [com.android.support:support-fragment:26.0.0-alpha1] AndroidManifest.xml:25:5-27:41
MERGED from [com.android.support:support-fragment:26.0.0-alpha1] AndroidManifest.xml:25:5-27:41
MERGED from [com.android.support:support-core-ui:26.0.0-alpha1] AndroidManifest.xml:25:5-27:41
MERGED from [com.android.support:support-core-ui:26.0.0-alpha1] AndroidManifest.xml:25:5-27:41
MERGED from [com.android.support:support-media-compat:26.0.0-alpha1] AndroidManifest.xml:25:5-27:41
MERGED from [com.android.support:support-media-compat:26.0.0-alpha1] AndroidManifest.xml:25:5-27:41
MERGED from [com.android.support:support-core-utils:26.0.0-alpha1] AndroidManifest.xml:25:5-27:41
MERGED from [com.android.support:support-core-utils:26.0.0-alpha1] AndroidManifest.xml:25:5-27:41
MERGED from [com.android.support:support-compat:26.0.0-alpha1] AndroidManifest.xml:25:5-27:41
MERGED from [com.android.support:support-compat:26.0.0-alpha1] AndroidManifest.xml:25:5-27:41
	android:value
		ADDED from [com.android.support:design:26.0.0-alpha1] AndroidManifest.xml:27:9-38
	android:name
		ADDED from [com.android.support:design:26.0.0-alpha1] AndroidManifest.xml:26:9-47
uses-feature#0x00020000
ADDED from [com.google.android.gms:play-services-maps:10.2.1] AndroidManifest.xml:21:5-77
	android:glEsVersion
		ADDED from [com.google.android.gms:play-services-maps:10.2.1] AndroidManifest.xml:21:19-51
	android:required
		ADDED from [com.google.android.gms:play-services-maps:10.2.1] AndroidManifest.xml:21:52-75
activity#com.google.android.gms.common.api.GoogleApiActivity
ADDED from [com.google.android.gms:play-services-base:10.2.1] AndroidManifest.xml:19:9-172
	android:exported
		ADDED from [com.google.android.gms:play-services-base:10.2.1] AndroidManifest.xml:19:146-170
	android:theme
		ADDED from [com.google.android.gms:play-services-base:10.2.1] AndroidManifest.xml:19:86-145
	android:name
		ADDED from [com.google.android.gms:play-services-base:10.2.1] AndroidManifest.xml:19:19-85
meta-data#com.google.android.gms.version
ADDED from [com.google.android.gms:play-services-basement:10.2.1] AndroidManifest.xml:20:9-121
	android:value
		ADDED from [com.google.android.gms:play-services-basement:10.2.1] AndroidManifest.xml:20:66-119
	android:name
		ADDED from [com.google.android.gms:play-services-basement:10.2.1] AndroidManifest.xml:20:20-65